<?xml version="1.0" encoding="UTF-8"?>
<!-- Generated by org.testng.reporters.JUnitReportReporter -->
<testsuite hostname="Gowtham-PC" name="com.whatsapp.test.BaseClass" tests="1" failures="0" timestamp="1 Sep 2018 18:24:54 GMT" time="0.021" errors="0">
  <testcase name="getDevices" time="0.021" classname="com.whatsapp.test.BaseClass"/>
</testsuite> <!-- com.whatsapp.test.BaseClass -->
